<?xml version="1.0" encoding="UTF-8"?>
<!-- Generated by org.testng.reporters.JUnitReportReporter -->
<testsuite hostname="Infva06562" name="scripts.AddProduct" tests="1" failures="0" timestamp="22 Aug 2018 12:01:58 GMT" time="0.005" errors="0">
  <testcase name="AddToCartTest" time="0.005" classname="scripts.AddProduct"/>
</testsuite> <!-- scripts.AddProduct -->
